<?xml version="1.0" encoding="UTF-8"?>
<!-- Generated by org.testng.reporters.JUnitXMLReporter -->
<testsuite ignored="1" hostname="Gromova" failures="3" tests="5" name="Chrome" time="120.764" errors="0" timestamp="2021-10-25T15:47:38 MSK">
  <testcase classname="org.project.tests.LoginTest" name="invalidLoginTest" time="32.525">
    <failure type="com.codeborne.selenide.ex.ElementShould" message="Element should have text &amp;apos;Password is required.123&amp;apos; {By.xpath: //div[@class=&amp;apos;alert alert-danger&amp;apos; and not(@id)]//li}
Element: &amp;apos;&amp;lt;li type value=&amp;quot;0&amp;quot;&amp;gt;Password is required.&amp;lt;/li&amp;gt;&amp;apos;
Actual value: Password is required.
Timeout: 10 s.">
      <![CDATA[Element should have text 'Password is required.123' {By.xpath: //div[@class='alert alert-danger' and not(@id)]//li}
Element: '<li type value="0">Password is required.</li>'
Actual value: Password is required.
Timeout: 10 s.
at com.codeborne.selenide.impl.WebElementSource.checkCondition(WebElementSource.java:121)
at com.codeborne.selenide.commands.Should.execute(Should.java:30)
at com.codeborne.selenide.commands.Should.execute(Should.java:14)
at com.codeborne.selenide.commands.Commands.execute(Commands.java:157)
at com.codeborne.selenide.impl.SelenideElementProxy.dispatchAndRetry(SelenideElementProxy.java:134)
at com.codeborne.selenide.impl.SelenideElementProxy.invoke(SelenideElementProxy.java:86)
at jdk.proxy2/jdk.proxy2.$Proxy22.shouldHave(Unknown Source)
at org.project.pages.LoginPage.checkSingInError(LoginPage.java:39)
at org.project.tests.LoginTest.invalidLoginTest(LoginTest.java:32)
at java.base/java.util.ArrayList.forEach(ArrayList.java:1511)
... Removed 31 stack frames]]>
    </failure>
  </testcase> <!-- invalidLoginTest -->
  <testcase classname="org.project.tests.LoginTest" name="invalidLoginTest" time="26.991">
    <failure type="com.codeborne.selenide.ex.ElementShould" message="Element should have text &amp;apos;An email address required.123&amp;apos; {By.xpath: //div[@class=&amp;apos;alert alert-danger&amp;apos; and not(@id)]//li}
Element: &amp;apos;&amp;lt;li type value=&amp;quot;0&amp;quot;&amp;gt;An email address required.&amp;lt;/li&amp;gt;&amp;apos;
Actual value: An email address required.
Timeout: 10 s.">
      <![CDATA[Element should have text 'An email address required.123' {By.xpath: //div[@class='alert alert-danger' and not(@id)]//li}
Element: '<li type value="0">An email address required.</li>'
Actual value: An email address required.
Timeout: 10 s.
at com.codeborne.selenide.impl.WebElementSource.checkCondition(WebElementSource.java:121)
at com.codeborne.selenide.commands.Should.execute(Should.java:30)
at com.codeborne.selenide.commands.Should.execute(Should.java:14)
at com.codeborne.selenide.commands.Commands.execute(Commands.java:157)
at com.codeborne.selenide.impl.SelenideElementProxy.dispatchAndRetry(SelenideElementProxy.java:134)
at com.codeborne.selenide.impl.SelenideElementProxy.invoke(SelenideElementProxy.java:86)
at jdk.proxy2/jdk.proxy2.$Proxy22.shouldHave(Unknown Source)
at org.project.pages.LoginPage.checkSingInError(LoginPage.java:39)
at org.project.tests.LoginTest.invalidLoginTest(LoginTest.java:32)
at java.base/java.util.ArrayList.forEach(ArrayList.java:1511)
... Removed 31 stack frames]]>
    </failure>
  </testcase> <!-- invalidLoginTest -->
  <testcase classname="org.project.tests.LoginTest" name="invalidLoginTest" time="20.315">
    <failure type="com.codeborne.selenide.ex.ElementShould" message="Element should have text &amp;apos;An email address required.123&amp;apos; {By.xpath: //div[@class=&amp;apos;alert alert-danger&amp;apos; and not(@id)]//li}
Element: &amp;apos;&amp;lt;li type value=&amp;quot;0&amp;quot;&amp;gt;An email address required.&amp;lt;/li&amp;gt;&amp;apos;
Actual value: An email address required.
Timeout: 10 s.">
      <![CDATA[Element should have text 'An email address required.123' {By.xpath: //div[@class='alert alert-danger' and not(@id)]//li}
Element: '<li type value="0">An email address required.</li>'
Actual value: An email address required.
Timeout: 10 s.
at com.codeborne.selenide.impl.WebElementSource.checkCondition(WebElementSource.java:121)
at com.codeborne.selenide.commands.Should.execute(Should.java:30)
at com.codeborne.selenide.commands.Should.execute(Should.java:14)
at com.codeborne.selenide.commands.Commands.execute(Commands.java:157)
at com.codeborne.selenide.impl.SelenideElementProxy.dispatchAndRetry(SelenideElementProxy.java:134)
at com.codeborne.selenide.impl.SelenideElementProxy.invoke(SelenideElementProxy.java:86)
at jdk.proxy2/jdk.proxy2.$Proxy22.shouldHave(Unknown Source)
at org.project.pages.LoginPage.checkSingInError(LoginPage.java:39)
at org.project.tests.LoginTest.invalidLoginTest(LoginTest.java:32)
at java.base/java.util.ArrayList.forEach(ArrayList.java:1511)
... Removed 31 stack frames]]>
    </failure>
  </testcase> <!-- invalidLoginTest -->
  <testcase classname="org.project.tests.LoginTest" name="invalidLoginTest" time="13.257"/>
  <testcase classname="org.project.tests.LoginTest" name="invalidLoginTest" time="11.207"/>
  <testcase classname="org.project.tests.LoginTest" name="validLoginTest" time="0.0">
    <ignored/>
  </testcase> <!-- validLoginTest -->
</testsuite> <!-- Chrome -->
